  [1m[36m (17.8ms)[0m  [1mCREATE TABLE "schema_migrations" ("version" varchar(255) NOT NULL) [0m
  [1m[35m (4.2ms)[0m  CREATE UNIQUE INDEX "unique_schema_migrations" ON "schema_migrations" ("version")
  [1m[36mActiveRecord::SchemaMigration Load (0.4ms)[0m  [1mSELECT "schema_migrations".* FROM "schema_migrations"[0m
Migrating to CreateAssignments (20140324145315)
  [1m[35m (0.2ms)[0m  begin transaction
  [1m[36m (3.2ms)[0m  [1mCREATE TABLE "assignments" ("id" INTEGER PRIMARY KEY AUTOINCREMENT NOT NULL, "project_id" integer, "user_id" integer, "active" boolean DEFAULT 't', "created_at" datetime, "updated_at" datetime) [0m
  [1m[35mSQL (9.7ms)[0m  INSERT INTO "schema_migrations" ("version") VALUES (?)  [["version", "20140324145315"]]
  [1m[36m (28.3ms)[0m  [1mcommit transaction[0m
Migrating to CreateDomains (20140324145332)
  [1m[35m (0.1ms)[0m  begin transaction
  [1m[36m (0.4ms)[0m  [1mCREATE TABLE "domains" ("id" INTEGER PRIMARY KEY AUTOINCREMENT NOT NULL, "name" varchar(255), "active" boolean DEFAULT 't', "created_at" datetime, "updated_at" datetime) [0m
  [1m[35mSQL (0.3ms)[0m  INSERT INTO "schema_migrations" ("version") VALUES (?)  [["version", "20140324145332"]]
  [1m[36m (3.8ms)[0m  [1mcommit transaction[0m
Migrating to CreateProjects (20140324145420)
  [1m[35m (0.1ms)[0m  begin transaction
  [1m[36m (0.5ms)[0m  [1mCREATE TABLE "projects" ("id" INTEGER PRIMARY KEY AUTOINCREMENT NOT NULL, "name" varchar(255), "description" text, "start_date" date, "end_date" date, "domain_id" integer, "manager_id" integer, "created_at" datetime, "updated_at" datetime) [0m
  [1m[35mSQL (0.3ms)[0m  INSERT INTO "schema_migrations" ("version") VALUES (?)  [["version", "20140324145420"]]
  [1m[36m (8.9ms)[0m  [1mcommit transaction[0m
Migrating to CreateTasks (20140324145558)
  [1m[35m (0.1ms)[0m  begin transaction
  [1m[36m (0.6ms)[0m  [1mCREATE TABLE "tasks" ("id" INTEGER PRIMARY KEY AUTOINCREMENT NOT NULL, "name" varchar(255), "due_string" varchar(255), "due_on" datetime, "project_id" integer, "created_by" integer, "completed" boolean DEFAULT 'f', "completed_by" integer, "priority" integer, "created_at" datetime, "updated_at" datetime) [0m
  [1m[35mSQL (0.3ms)[0m  INSERT INTO "schema_migrations" ("version") VALUES (?)  [["version", "20140324145558"]]
  [1m[36m (12.5ms)[0m  [1mcommit transaction[0m
Migrating to CreateUsers (20140324145745)
  [1m[35m (0.2ms)[0m  begin transaction
  [1m[36m (0.7ms)[0m  [1mCREATE TABLE "users" ("id" INTEGER PRIMARY KEY AUTOINCREMENT NOT NULL, "first_name" varchar(255), "last_name" varchar(255), "email" varchar(255), "password_digest" varchar(255), "role" varchar(255) DEFAULT 'member', "active" boolean DEFAULT 't', "created_at" datetime, "updated_at" datetime) [0m
  [1m[35mSQL (0.3ms)[0m  INSERT INTO "schema_migrations" ("version") VALUES (?)  [["version", "20140324145745"]]
  [1m[36m (3.9ms)[0m  [1mcommit transaction[0m
  [1m[35mActiveRecord::SchemaMigration Load (0.1ms)[0m  SELECT "schema_migrations".* FROM "schema_migrations"
  [1m[36mActiveRecord::SchemaMigration Load (0.2ms)[0m  [1mSELECT "schema_migrations".* FROM "schema_migrations"[0m
  [1m[35mActiveRecord::SchemaMigration Load (0.1ms)[0m  SELECT "schema_migrations".* FROM "schema_migrations"
  [1m[36mSQL (2.8ms)[0m  [1mDELETE FROM "assignments"[0m
  [1m[35mSQL (2.3ms)[0m  DELETE FROM "tasks"
  [1m[36mSQL (3.0ms)[0m  [1mDELETE FROM "domains"[0m
  [1m[35mSQL (3.0ms)[0m  DELETE FROM "projects"
  [1m[36mSQL (2.7ms)[0m  [1mDELETE FROM "users"[0m
  [1m[35m (0.1ms)[0m  begin transaction
  [1m[36mUser Exists (0.2ms)[0m  [1mSELECT 1 AS one FROM "users" WHERE "users"."email" = 'profh@cmu.edu' LIMIT 1[0m
Binary data inserted for `string` type on column `password_digest`
  [1m[35mSQL (45.1ms)[0m  INSERT INTO "users" ("created_at", "email", "first_name", "last_name", "password_digest", "role", "updated_at") VALUES (?, ?, ?, ?, ?, ?, ?)  [["created_at", Tue, 24 Feb 2015 14:14:00 EST -05:00], ["email", "profh@cmu.edu"], ["first_name", "Professor"], ["last_name", "Heimann"], ["password_digest", "$2a$10$Fn/BLACzcnlyDgOczOqTmeBmYH/zR2nld4cl9i5/DhPAPkvPL5Ge."], ["role", "admin"], ["updated_at", Tue, 24 Feb 2015 14:14:00 EST -05:00]]
  [1m[36m (3.4ms)[0m  [1mcommit transaction[0m
  [1m[35m (0.1ms)[0m  begin transaction
  [1m[36mSQL (0.7ms)[0m  [1mINSERT INTO "domains" ("created_at", "name", "updated_at") VALUES (?, ?, ?)[0m  [["created_at", Tue, 24 Feb 2015 14:14:00 EST -05:00], ["name", "Academic"], ["updated_at", Tue, 24 Feb 2015 14:14:00 EST -05:00]]
  [1m[35m (3.3ms)[0m  commit transaction
  [1m[36m (0.1ms)[0m  [1mbegin transaction[0m
  [1m[35mSQL (0.6ms)[0m  INSERT INTO "domains" ("created_at", "name", "updated_at") VALUES (?, ?, ?)  [["created_at", Tue, 24 Feb 2015 14:14:00 EST -05:00], ["name", "Personal"], ["updated_at", Tue, 24 Feb 2015 14:14:00 EST -05:00]]
  [1m[36m (3.7ms)[0m  [1mcommit transaction[0m
  [1m[35m (0.1ms)[0m  begin transaction
  [1m[36mSQL (0.6ms)[0m  [1mINSERT INTO "domains" ("created_at", "name", "updated_at") VALUES (?, ?, ?)[0m  [["created_at", Tue, 24 Feb 2015 14:14:00 EST -05:00], ["name", "Software"], ["updated_at", Tue, 24 Feb 2015 14:14:00 EST -05:00]]
  [1m[35m (3.3ms)[0m  commit transaction
  [1m[36mDomain Load (0.2ms)[0m  [1mSELECT "domains".* FROM "domains" WHERE "domains"."name" = 'Software' LIMIT 1[0m
  [1m[35mUser Load (0.2ms)[0m  SELECT "users".* FROM "users" ORDER BY "users"."id" ASC LIMIT 1
  [1m[36m (0.1ms)[0m  [1mbegin transaction[0m
  [1m[35mDomain Load (0.2ms)[0m  SELECT "domains".* FROM "domains" WHERE "domains"."active" = 't'
  [1m[36mSQL (0.7ms)[0m  [1mINSERT INTO "projects" ("created_at", "description", "domain_id", "end_date", "manager_id", "name", "start_date", "updated_at") VALUES (?, ?, ?, ?, ?, ?, ?, ?)[0m  [["created_at", Tue, 24 Feb 2015 14:14:00 EST -05:00], ["description", "A most glorious project that will bring fame and honor to all those who are associated with it.  This project will also be a rich blessing to all who use it properly."], ["domain_id", 3], ["end_date", Sun, 24 May 2015], ["manager_id", 1], ["name", "Arbeit"], ["start_date", Mon, 24 Nov 2014], ["updated_at", Tue, 24 Feb 2015 14:14:00 EST -05:00]]
  [1m[35m (4.6ms)[0m  commit transaction
  [1m[36m (0.1ms)[0m  [1mbegin transaction[0m
  [1m[35mDomain Load (0.2ms)[0m  SELECT "domains".* FROM "domains" WHERE "domains"."active" = 't'
  [1m[36mSQL (0.7ms)[0m  [1mINSERT INTO "projects" ("created_at", "description", "domain_id", "end_date", "manager_id", "name", "start_date", "updated_at") VALUES (?, ?, ?, ?, ?, ?, ?, ?)[0m  [["created_at", Tue, 24 Feb 2015 14:14:00 EST -05:00], ["description", "A most glorious project that will bring fame and honor to all those who are associated with it.  This project will also be a rich blessing to all who use it properly."], ["domain_id", 3], ["end_date", Wed, 24 Jun 2015], ["manager_id", 1], ["name", "BookManager"], ["start_date", Mon, 24 Nov 2014], ["updated_at", Tue, 24 Feb 2015 14:14:00 EST -05:00]]
  [1m[35m (4.2ms)[0m  commit transaction
  [1m[36m (0.1ms)[0m  [1mbegin transaction[0m
  [1m[35mDomain Load (0.2ms)[0m  SELECT "domains".* FROM "domains" WHERE "domains"."active" = 't'
  [1m[36mSQL (0.6ms)[0m  [1mINSERT INTO "projects" ("created_at", "description", "domain_id", "end_date", "manager_id", "name", "start_date", "updated_at") VALUES (?, ?, ?, ?, ?, ?, ?, ?)[0m  [["created_at", Tue, 24 Feb 2015 14:14:00 EST -05:00], ["description", "A most glorious project that will bring fame and honor to all those who are associated with it.  This project will also be a rich blessing to all who use it properly."], ["domain_id", 3], ["end_date", Fri, 24 Jul 2015], ["manager_id", 1], ["name", "ChoreTracker"], ["start_date", Wed, 24 Dec 2014], ["updated_at", Tue, 24 Feb 2015 14:14:00 EST -05:00]]
  [1m[35m (3.8ms)[0m  commit transaction
  [1m[36m (0.1ms)[0m  [1mbegin transaction[0m
  [1m[35mDomain Load (0.2ms)[0m  SELECT "domains".* FROM "domains" WHERE "domains"."active" = 't'
  [1m[36mSQL (0.7ms)[0m  [1mINSERT INTO "projects" ("created_at", "description", "domain_id", "end_date", "manager_id", "name", "start_date", "updated_at") VALUES (?, ?, ?, ?, ?, ?, ?, ?)[0m  [["created_at", Tue, 24 Feb 2015 14:14:00 EST -05:00], ["description", "A most glorious project that will bring fame and honor to all those who are associated with it.  This project will also be a rich blessing to all who use it properly."], ["domain_id", 3], ["end_date", Fri, 24 Jul 2015], ["manager_id", 1], ["name", "Proverbs"], ["start_date", Wed, 24 Sep 2014], ["updated_at", Tue, 24 Feb 2015 14:14:00 EST -05:00]]
  [1m[35m (6.3ms)[0m  commit transaction
  [1m[36mProject Load (0.2ms)[0m  [1mSELECT "projects".* FROM "projects"[0m
  [1m[35mUser Load (0.1ms)[0m  SELECT "users".* FROM "users" ORDER BY "users"."id" ASC LIMIT 1
  [1m[36m (0.1ms)[0m  [1mbegin transaction[0m
  [1m[35mUser Load (0.2ms)[0m  SELECT "users".* FROM "users" WHERE "users"."active" = 't'
  [1m[36mProject Load (0.1ms)[0m  [1mSELECT "projects".* FROM "projects" WHERE (start_date <= '2015-02-24' and (end_date > '2015-02-24' or end_date is null))[0m
  [1m[35mSQL (0.7ms)[0m  INSERT INTO "assignments" ("created_at", "project_id", "updated_at", "user_id") VALUES (?, ?, ?, ?)  [["created_at", Tue, 24 Feb 2015 14:14:00 EST -05:00], ["project_id", 1], ["updated_at", Tue, 24 Feb 2015 14:14:00 EST -05:00], ["user_id", 1]]
  [1m[36m (3.9ms)[0m  [1mcommit transaction[0m
  [1m[35mUser Load (0.2ms)[0m  SELECT "users".* FROM "users" ORDER BY "users"."id" ASC LIMIT 1
  [1m[36m (0.1ms)[0m  [1mbegin transaction[0m
  [1m[35mUser Load (0.2ms)[0m  SELECT "users".* FROM "users" WHERE "users"."active" = 't'
  [1m[36mProject Load (0.1ms)[0m  [1mSELECT "projects".* FROM "projects" WHERE (start_date <= '2015-02-24' and (end_date > '2015-02-24' or end_date is null))[0m
  [1m[35mSQL (0.6ms)[0m  INSERT INTO "assignments" ("created_at", "project_id", "updated_at", "user_id") VALUES (?, ?, ?, ?)  [["created_at", Tue, 24 Feb 2015 14:14:00 EST -05:00], ["project_id", 2], ["updated_at", Tue, 24 Feb 2015 14:14:00 EST -05:00], ["user_id", 1]]
  [1m[36m (4.4ms)[0m  [1mcommit transaction[0m
  [1m[35mUser Load (0.2ms)[0m  SELECT "users".* FROM "users" ORDER BY "users"."id" ASC LIMIT 1
  [1m[36m (0.1ms)[0m  [1mbegin transaction[0m
  [1m[35mUser Load (0.1ms)[0m  SELECT "users".* FROM "users" WHERE "users"."active" = 't'
  [1m[36mProject Load (0.2ms)[0m  [1mSELECT "projects".* FROM "projects" WHERE (start_date <= '2015-02-24' and (end_date > '2015-02-24' or end_date is null))[0m
  [1m[35mSQL (0.6ms)[0m  INSERT INTO "assignments" ("created_at", "project_id", "updated_at", "user_id") VALUES (?, ?, ?, ?)  [["created_at", Tue, 24 Feb 2015 14:14:00 EST -05:00], ["project_id", 3], ["updated_at", Tue, 24 Feb 2015 14:14:00 EST -05:00], ["user_id", 1]]
  [1m[36m (3.9ms)[0m  [1mcommit transaction[0m
  [1m[35mUser Load (0.2ms)[0m  SELECT "users".* FROM "users" ORDER BY "users"."id" ASC LIMIT 1
  [1m[36m (0.1ms)[0m  [1mbegin transaction[0m
  [1m[35mUser Load (0.1ms)[0m  SELECT "users".* FROM "users" WHERE "users"."active" = 't'
  [1m[36mProject Load (0.1ms)[0m  [1mSELECT "projects".* FROM "projects" WHERE (start_date <= '2015-02-24' and (end_date > '2015-02-24' or end_date is null))[0m
  [1m[35mSQL (0.6ms)[0m  INSERT INTO "assignments" ("created_at", "project_id", "updated_at", "user_id") VALUES (?, ?, ?, ?)  [["created_at", Tue, 24 Feb 2015 14:14:00 EST -05:00], ["project_id", 4], ["updated_at", Tue, 24 Feb 2015 14:14:00 EST -05:00], ["user_id", 1]]
  [1m[36m (4.2ms)[0m  [1mcommit transaction[0m
  [1m[35m (0.1ms)[0m  begin transaction
  [1m[36mUser Exists (0.2ms)[0m  [1mSELECT 1 AS one FROM "users" WHERE "users"."email" = 'odell.vonrueden@example.com' LIMIT 1[0m
Binary data inserted for `string` type on column `password_digest`
  [1m[35mSQL (0.8ms)[0m  INSERT INTO "users" ("created_at", "email", "first_name", "last_name", "password_digest", "updated_at") VALUES (?, ?, ?, ?, ?, ?)  [["created_at", Tue, 24 Feb 2015 14:14:01 EST -05:00], ["email", "odell.vonrueden@example.com"], ["first_name", "Odell"], ["last_name", "VonRueden"], ["password_digest", "$2a$10$1WssOqeMnTMpeGrUwfaS8uzFuarV48JOqirimPAy2hWw1WEt9mEeC"], ["updated_at", Tue, 24 Feb 2015 14:14:01 EST -05:00]]
  [1m[36m (4.3ms)[0m  [1mcommit transaction[0m
  [1m[35m (0.1ms)[0m  begin transaction
  [1m[36mUser Load (0.4ms)[0m  [1mSELECT "users".* FROM "users" WHERE "users"."active" = 't'[0m
  [1m[35mProject Load (0.2ms)[0m  SELECT "projects".* FROM "projects" WHERE (start_date <= '2015-02-24' and (end_date > '2015-02-24' or end_date is null))
  [1m[36mSQL (0.6ms)[0m  [1mINSERT INTO "assignments" ("created_at", "project_id", "updated_at", "user_id") VALUES (?, ?, ?, ?)[0m  [["created_at", Tue, 24 Feb 2015 14:14:01 EST -05:00], ["project_id", 3], ["updated_at", Tue, 24 Feb 2015 14:14:01 EST -05:00], ["user_id", 2]]
  [1m[35m (4.1ms)[0m  commit transaction
  [1m[36m (0.1ms)[0m  [1mbegin transaction[0m
  [1m[35mUser Exists (0.2ms)[0m  SELECT 1 AS one FROM "users" WHERE "users"."email" = 'rico.kunde@example.com' LIMIT 1
Binary data inserted for `string` type on column `password_digest`
  [1m[36mSQL (0.7ms)[0m  [1mINSERT INTO "users" ("created_at", "email", "first_name", "last_name", "password_digest", "updated_at") VALUES (?, ?, ?, ?, ?, ?)[0m  [["created_at", Tue, 24 Feb 2015 14:14:01 EST -05:00], ["email", "rico.kunde@example.com"], ["first_name", "Rico"], ["last_name", "Kunde"], ["password_digest", "$2a$10$ZhJuErE6a/gzZDCImZA9z.HZsM2QIRztNKyRnIqflsJQTc9RV6vry"], ["updated_at", Tue, 24 Feb 2015 14:14:01 EST -05:00]]
  [1m[35m (5.4ms)[0m  commit transaction
  [1m[36m (0.1ms)[0m  [1mbegin transaction[0m
  [1m[35mUser Load (0.2ms)[0m  SELECT "users".* FROM "users" WHERE "users"."active" = 't'
  [1m[36mProject Load (0.2ms)[0m  [1mSELECT "projects".* FROM "projects" WHERE (start_date <= '2015-02-24' and (end_date > '2015-02-24' or end_date is null))[0m
  [1m[35mSQL (0.6ms)[0m  INSERT INTO "assignments" ("created_at", "project_id", "updated_at", "user_id") VALUES (?, ?, ?, ?)  [["created_at", Tue, 24 Feb 2015 14:14:01 EST -05:00], ["project_id", 1], ["updated_at", Tue, 24 Feb 2015 14:14:01 EST -05:00], ["user_id", 3]]
  [1m[36m (5.4ms)[0m  [1mcommit transaction[0m
  [1m[35m (0.1ms)[0m  begin transaction
  [1m[36mUser Exists (0.2ms)[0m  [1mSELECT 1 AS one FROM "users" WHERE "users"."email" = 'missouri.bailey@example.com' LIMIT 1[0m
Binary data inserted for `string` type on column `password_digest`
  [1m[35mSQL (0.6ms)[0m  INSERT INTO "users" ("created_at", "email", "first_name", "last_name", "password_digest", "updated_at") VALUES (?, ?, ?, ?, ?, ?)  [["created_at", Tue, 24 Feb 2015 14:14:01 EST -05:00], ["email", "missouri.bailey@example.com"], ["first_name", "Missouri"], ["last_name", "Bailey"], ["password_digest", "$2a$10$OFQ74961krg0tvh0aMCHJ.Hrg9o6vk7L4TWB4xkjYaNj.JEBbZmHu"], ["updated_at", Tue, 24 Feb 2015 14:14:01 EST -05:00]]
  [1m[36m (3.5ms)[0m  [1mcommit transaction[0m
  [1m[35m (0.1ms)[0m  begin transaction
  [1m[36mUser Load (0.2ms)[0m  [1mSELECT "users".* FROM "users" WHERE "users"."active" = 't'[0m
  [1m[35mProject Load (0.2ms)[0m  SELECT "projects".* FROM "projects" WHERE (start_date <= '2015-02-24' and (end_date > '2015-02-24' or end_date is null))
  [1m[36mSQL (0.6ms)[0m  [1mINSERT INTO "assignments" ("created_at", "project_id", "updated_at", "user_id") VALUES (?, ?, ?, ?)[0m  [["created_at", Tue, 24 Feb 2015 14:14:01 EST -05:00], ["project_id", 3], ["updated_at", Tue, 24 Feb 2015 14:14:01 EST -05:00], ["user_id", 4]]
  [1m[35m (3.8ms)[0m  commit transaction
  [1m[36m (0.1ms)[0m  [1mbegin transaction[0m
  [1m[35mUser Exists (0.4ms)[0m  SELECT 1 AS one FROM "users" WHERE "users"."email" = 'myrl.hayes@example.com' LIMIT 1
Binary data inserted for `string` type on column `password_digest`
  [1m[36mSQL (4.0ms)[0m  [1mINSERT INTO "users" ("created_at", "email", "first_name", "last_name", "password_digest", "updated_at") VALUES (?, ?, ?, ?, ?, ?)[0m  [["created_at", Tue, 24 Feb 2015 14:14:01 EST -05:00], ["email", "myrl.hayes@example.com"], ["first_name", "Myrl"], ["last_name", "Hayes"], ["password_digest", "$2a$10$0uZ9R6S39IVmB4gB/3C41.AhAvSuILQUU3pR/Xp.awe.a1xbi0eXW"], ["updated_at", Tue, 24 Feb 2015 14:14:01 EST -05:00]]
  [1m[35m (3.7ms)[0m  commit transaction
  [1m[36m (0.1ms)[0m  [1mbegin transaction[0m
  [1m[35mUser Load (0.3ms)[0m  SELECT "users".* FROM "users" WHERE "users"."active" = 't'
  [1m[36mProject Load (0.2ms)[0m  [1mSELECT "projects".* FROM "projects" WHERE (start_date <= '2015-02-24' and (end_date > '2015-02-24' or end_date is null))[0m
  [1m[35mSQL (0.8ms)[0m  INSERT INTO "assignments" ("created_at", "project_id", "updated_at", "user_id") VALUES (?, ?, ?, ?)  [["created_at", Tue, 24 Feb 2015 14:14:01 EST -05:00], ["project_id", 2], ["updated_at", Tue, 24 Feb 2015 14:14:01 EST -05:00], ["user_id", 5]]
  [1m[36m (2.6ms)[0m  [1mcommit transaction[0m
  [1m[35m (0.1ms)[0m  begin transaction
  [1m[36mUser Exists (0.2ms)[0m  [1mSELECT 1 AS one FROM "users" WHERE "users"."email" = 'henriette.streich@example.com' LIMIT 1[0m
Binary data inserted for `string` type on column `password_digest`
  [1m[35mSQL (0.7ms)[0m  INSERT INTO "users" ("created_at", "email", "first_name", "last_name", "password_digest", "updated_at") VALUES (?, ?, ?, ?, ?, ?)  [["created_at", Tue, 24 Feb 2015 14:14:01 EST -05:00], ["email", "henriette.streich@example.com"], ["first_name", "Henriette"], ["last_name", "Streich"], ["password_digest", "$2a$10$AhUXc2Vr7.ZhoLjjoLRJOefouDkJUuxJV4Lw8n7QPq8ZW75I0quAK"], ["updated_at", Tue, 24 Feb 2015 14:14:01 EST -05:00]]
  [1m[36m (3.8ms)[0m  [1mcommit transaction[0m
  [1m[35m (0.1ms)[0m  begin transaction
  [1m[36mUser Load (0.2ms)[0m  [1mSELECT "users".* FROM "users" WHERE "users"."active" = 't'[0m
  [1m[35mProject Load (0.2ms)[0m  SELECT "projects".* FROM "projects" WHERE (start_date <= '2015-02-24' and (end_date > '2015-02-24' or end_date is null))
  [1m[36mSQL (0.6ms)[0m  [1mINSERT INTO "assignments" ("created_at", "project_id", "updated_at", "user_id") VALUES (?, ?, ?, ?)[0m  [["created_at", Tue, 24 Feb 2015 14:14:01 EST -05:00], ["project_id", 2], ["updated_at", Tue, 24 Feb 2015 14:14:01 EST -05:00], ["user_id", 6]]
  [1m[35m (3.5ms)[0m  commit transaction
  [1m[36m (0.1ms)[0m  [1mbegin transaction[0m
  [1m[35mUser Exists (0.2ms)[0m  SELECT 1 AS one FROM "users" WHERE "users"."email" = 'sean.wiegand@example.com' LIMIT 1
Binary data inserted for `string` type on column `password_digest`
  [1m[36mSQL (0.8ms)[0m  [1mINSERT INTO "users" ("created_at", "email", "first_name", "last_name", "password_digest", "updated_at") VALUES (?, ?, ?, ?, ?, ?)[0m  [["created_at", Tue, 24 Feb 2015 14:14:01 EST -05:00], ["email", "sean.wiegand@example.com"], ["first_name", "Sean"], ["last_name", "Wiegand"], ["password_digest", "$2a$10$hIN.O7INlfgmyWbfpYwJSODVXhdaqYc1ZqlWrtJOCitlIHsmn76qm"], ["updated_at", Tue, 24 Feb 2015 14:14:01 EST -05:00]]
  [1m[35m (5.3ms)[0m  commit transaction
  [1m[36m (0.1ms)[0m  [1mbegin transaction[0m
  [1m[35mUser Load (0.2ms)[0m  SELECT "users".* FROM "users" WHERE "users"."active" = 't'
  [1m[36mProject Load (0.2ms)[0m  [1mSELECT "projects".* FROM "projects" WHERE (start_date <= '2015-02-24' and (end_date > '2015-02-24' or end_date is null))[0m
  [1m[35mSQL (0.6ms)[0m  INSERT INTO "assignments" ("created_at", "project_id", "updated_at", "user_id") VALUES (?, ?, ?, ?)  [["created_at", Tue, 24 Feb 2015 14:14:01 EST -05:00], ["project_id", 3], ["updated_at", Tue, 24 Feb 2015 14:14:01 EST -05:00], ["user_id", 7]]
  [1m[36m (36.6ms)[0m  [1mcommit transaction[0m
  [1m[35m (0.1ms)[0m  begin transaction
  [1m[36mUser Exists (0.2ms)[0m  [1mSELECT 1 AS one FROM "users" WHERE "users"."email" = 'elisa.stracke@example.com' LIMIT 1[0m
Binary data inserted for `string` type on column `password_digest`
  [1m[35mSQL (0.8ms)[0m  INSERT INTO "users" ("created_at", "email", "first_name", "last_name", "password_digest", "updated_at") VALUES (?, ?, ?, ?, ?, ?)  [["created_at", Tue, 24 Feb 2015 14:14:02 EST -05:00], ["email", "elisa.stracke@example.com"], ["first_name", "Elisa"], ["last_name", "Stracke"], ["password_digest", "$2a$10$gSMV.eJwBCzbJ/p4b0J.Y.RYddtu2wlXQalxksJ3cX7XElbBRgsS2"], ["updated_at", Tue, 24 Feb 2015 14:14:02 EST -05:00]]
  [1m[36m (2.6ms)[0m  [1mcommit transaction[0m
  [1m[35m (0.1ms)[0m  begin transaction
  [1m[36mUser Load (0.3ms)[0m  [1mSELECT "users".* FROM "users" WHERE "users"."active" = 't'[0m
  [1m[35mProject Load (0.2ms)[0m  SELECT "projects".* FROM "projects" WHERE (start_date <= '2015-02-24' and (end_date > '2015-02-24' or end_date is null))
  [1m[36mSQL (0.8ms)[0m  [1mINSERT INTO "assignments" ("created_at", "project_id", "updated_at", "user_id") VALUES (?, ?, ?, ?)[0m  [["created_at", Tue, 24 Feb 2015 14:14:02 EST -05:00], ["project_id", 1], ["updated_at", Tue, 24 Feb 2015 14:14:02 EST -05:00], ["user_id", 8]]
  [1m[35m (2.9ms)[0m  commit transaction
  [1m[36m (0.1ms)[0m  [1mbegin transaction[0m
  [1m[35mUser Exists (0.2ms)[0m  SELECT 1 AS one FROM "users" WHERE "users"."email" = 'aletha.oberbrunner@example.com' LIMIT 1
Binary data inserted for `string` type on column `password_digest`
  [1m[36mSQL (0.7ms)[0m  [1mINSERT INTO "users" ("created_at", "email", "first_name", "last_name", "password_digest", "updated_at") VALUES (?, ?, ?, ?, ?, ?)[0m  [["created_at", Tue, 24 Feb 2015 14:14:02 EST -05:00], ["email", "aletha.oberbrunner@example.com"], ["first_name", "Aletha"], ["last_name", "Oberbrunner"], ["password_digest", "$2a$10$4klbIym.jf9dztGWhxpnje4MfyF8.jSlahaYFiyp26GMwwOqD11zy"], ["updated_at", Tue, 24 Feb 2015 14:14:02 EST -05:00]]
  [1m[35m (3.3ms)[0m  commit transaction
  [1m[36m (0.1ms)[0m  [1mbegin transaction[0m
  [1m[35mUser Load (0.2ms)[0m  SELECT "users".* FROM "users" WHERE "users"."active" = 't'
  [1m[36mProject Load (0.2ms)[0m  [1mSELECT "projects".* FROM "projects" WHERE (start_date <= '2015-02-24' and (end_date > '2015-02-24' or end_date is null))[0m
  [1m[35mSQL (0.6ms)[0m  INSERT INTO "assignments" ("created_at", "project_id", "updated_at", "user_id") VALUES (?, ?, ?, ?)  [["created_at", Tue, 24 Feb 2015 14:14:02 EST -05:00], ["project_id", 4], ["updated_at", Tue, 24 Feb 2015 14:14:02 EST -05:00], ["user_id", 9]]
  [1m[36m (3.9ms)[0m  [1mcommit transaction[0m
  [1m[35m (0.1ms)[0m  begin transaction
  [1m[36mUser Exists (0.2ms)[0m  [1mSELECT 1 AS one FROM "users" WHERE "users"."email" = 'dakota.fisher@example.com' LIMIT 1[0m
Binary data inserted for `string` type on column `password_digest`
  [1m[35mSQL (0.7ms)[0m  INSERT INTO "users" ("created_at", "email", "first_name", "last_name", "password_digest", "updated_at") VALUES (?, ?, ?, ?, ?, ?)  [["created_at", Tue, 24 Feb 2015 14:14:02 EST -05:00], ["email", "dakota.fisher@example.com"], ["first_name", "Dakota"], ["last_name", "Fisher"], ["password_digest", "$2a$10$LdV2rHtYQuVe2kwnGkIPO.55vgZyjwwnhnF3KG4u6PPTruK6KzDHm"], ["updated_at", Tue, 24 Feb 2015 14:14:02 EST -05:00]]
  [1m[36m (3.5ms)[0m  [1mcommit transaction[0m
  [1m[35m (0.1ms)[0m  begin transaction
  [1m[36mUser Load (0.2ms)[0m  [1mSELECT "users".* FROM "users" WHERE "users"."active" = 't'[0m
  [1m[35mProject Load (0.2ms)[0m  SELECT "projects".* FROM "projects" WHERE (start_date <= '2015-02-24' and (end_date > '2015-02-24' or end_date is null))
  [1m[36mSQL (0.7ms)[0m  [1mINSERT INTO "assignments" ("created_at", "project_id", "updated_at", "user_id") VALUES (?, ?, ?, ?)[0m  [["created_at", Tue, 24 Feb 2015 14:14:02 EST -05:00], ["project_id", 2], ["updated_at", Tue, 24 Feb 2015 14:14:02 EST -05:00], ["user_id", 10]]
  [1m[35m (2.9ms)[0m  commit transaction
  [1m[36m (0.1ms)[0m  [1mbegin transaction[0m
  [1m[35mUser Exists (0.2ms)[0m  SELECT 1 AS one FROM "users" WHERE "users"."email" = 'arnold.powlowski@example.com' LIMIT 1
Binary data inserted for `string` type on column `password_digest`
  [1m[36mSQL (0.9ms)[0m  [1mINSERT INTO "users" ("created_at", "email", "first_name", "last_name", "password_digest", "updated_at") VALUES (?, ?, ?, ?, ?, ?)[0m  [["created_at", Tue, 24 Feb 2015 14:14:02 EST -05:00], ["email", "arnold.powlowski@example.com"], ["first_name", "Arnold"], ["last_name", "Powlowski"], ["password_digest", "$2a$10$NiJIwgwTjhAzpAAfEcIBQeVzohCXWYU7MYeWA9KwyBo.ghUFx3OhK"], ["updated_at", Tue, 24 Feb 2015 14:14:02 EST -05:00]]
  [1m[35m (3.0ms)[0m  commit transaction
  [1m[36m (0.1ms)[0m  [1mbegin transaction[0m
  [1m[35mUser Load (0.3ms)[0m  SELECT "users".* FROM "users" WHERE "users"."active" = 't'
  [1m[36mProject Load (0.2ms)[0m  [1mSELECT "projects".* FROM "projects" WHERE (start_date <= '2015-02-24' and (end_date > '2015-02-24' or end_date is null))[0m
  [1m[35mSQL (0.6ms)[0m  INSERT INTO "assignments" ("created_at", "project_id", "updated_at", "user_id") VALUES (?, ?, ?, ?)  [["created_at", Tue, 24 Feb 2015 14:14:02 EST -05:00], ["project_id", 4], ["updated_at", Tue, 24 Feb 2015 14:14:02 EST -05:00], ["user_id", 11]]
  [1m[36m (4.7ms)[0m  [1mcommit transaction[0m
  [1m[35m (0.1ms)[0m  begin transaction
  [1m[36mUser Exists (0.2ms)[0m  [1mSELECT 1 AS one FROM "users" WHERE "users"."email" = 'wilber.stark@example.com' LIMIT 1[0m
Binary data inserted for `string` type on column `password_digest`
  [1m[35mSQL (0.7ms)[0m  INSERT INTO "users" ("created_at", "email", "first_name", "last_name", "password_digest", "updated_at") VALUES (?, ?, ?, ?, ?, ?)  [["created_at", Tue, 24 Feb 2015 14:14:02 EST -05:00], ["email", "wilber.stark@example.com"], ["first_name", "Wilber"], ["last_name", "Stark"], ["password_digest", "$2a$10$BTpW9oPRxT6ydrjA.FDwjOPyWPUheML.bW4QR542L356oE8DwanZ."], ["updated_at", Tue, 24 Feb 2015 14:14:02 EST -05:00]]
  [1m[36m (3.5ms)[0m  [1mcommit transaction[0m
  [1m[35m (0.1ms)[0m  begin transaction
  [1m[36mUser Load (0.2ms)[0m  [1mSELECT "users".* FROM "users" WHERE "users"."active" = 't'[0m
  [1m[35mProject Load (0.2ms)[0m  SELECT "projects".* FROM "projects" WHERE (start_date <= '2015-02-24' and (end_date > '2015-02-24' or end_date is null))
  [1m[36mSQL (0.6ms)[0m  [1mINSERT INTO "assignments" ("created_at", "project_id", "updated_at", "user_id") VALUES (?, ?, ?, ?)[0m  [["created_at", Tue, 24 Feb 2015 14:14:02 EST -05:00], ["project_id", 2], ["updated_at", Tue, 24 Feb 2015 14:14:02 EST -05:00], ["user_id", 12]]
  [1m[35m (3.1ms)[0m  commit transaction
  [1m[36m (0.1ms)[0m  [1mbegin transaction[0m
  [1m[35mUser Exists (0.2ms)[0m  SELECT 1 AS one FROM "users" WHERE "users"."email" = 'joana.kihn@example.com' LIMIT 1
Binary data inserted for `string` type on column `password_digest`
  [1m[36mSQL (0.7ms)[0m  [1mINSERT INTO "users" ("created_at", "email", "first_name", "last_name", "password_digest", "updated_at") VALUES (?, ?, ?, ?, ?, ?)[0m  [["created_at", Tue, 24 Feb 2015 14:14:02 EST -05:00], ["email", "joana.kihn@example.com"], ["first_name", "Joana"], ["last_name", "Kihn"], ["password_digest", "$2a$10$xxXerUikTbOmB3gU3x04ye5jJ53nCS2nozeJPtmAUpciPpGspibOG"], ["updated_at", Tue, 24 Feb 2015 14:14:02 EST -05:00]]
  [1m[35m (3.9ms)[0m  commit transaction
  [1m[36m (0.1ms)[0m  [1mbegin transaction[0m
  [1m[35mUser Load (0.3ms)[0m  SELECT "users".* FROM "users" WHERE "users"."active" = 't'
  [1m[36mProject Load (0.2ms)[0m  [1mSELECT "projects".* FROM "projects" WHERE (start_date <= '2015-02-24' and (end_date > '2015-02-24' or end_date is null))[0m
  [1m[35mSQL (0.6ms)[0m  INSERT INTO "assignments" ("created_at", "project_id", "updated_at", "user_id") VALUES (?, ?, ?, ?)  [["created_at", Tue, 24 Feb 2015 14:14:02 EST -05:00], ["project_id", 2], ["updated_at", Tue, 24 Feb 2015 14:14:02 EST -05:00], ["user_id", 13]]
  [1m[36m (5.0ms)[0m  [1mcommit transaction[0m
  [1m[35m (0.1ms)[0m  begin transaction
  [1m[36mUser Exists (1.4ms)[0m  [1mSELECT 1 AS one FROM "users" WHERE "users"."email" = 'emmanuelle.mccullough@example.com' LIMIT 1[0m
Binary data inserted for `string` type on column `password_digest`
  [1m[35mSQL (1.2ms)[0m  INSERT INTO "users" ("created_at", "email", "first_name", "last_name", "password_digest", "updated_at") VALUES (?, ?, ?, ?, ?, ?)  [["created_at", Tue, 24 Feb 2015 14:14:02 EST -05:00], ["email", "emmanuelle.mccullough@example.com"], ["first_name", "Emmanuelle"], ["last_name", "McCullough"], ["password_digest", "$2a$10$O0QzAmjEuDuAuFY09ukLruzcrnNZenA5AvkQ6jC6w17cVEkC.1Tre"], ["updated_at", Tue, 24 Feb 2015 14:14:02 EST -05:00]]
  [1m[36m (3.5ms)[0m  [1mcommit transaction[0m
  [1m[35m (0.3ms)[0m  begin transaction
  [1m[36mUser Load (0.3ms)[0m  [1mSELECT "users".* FROM "users" WHERE "users"."active" = 't'[0m
  [1m[35mProject Load (0.2ms)[0m  SELECT "projects".* FROM "projects" WHERE (start_date <= '2015-02-24' and (end_date > '2015-02-24' or end_date is null))
  [1m[36mSQL (0.6ms)[0m  [1mINSERT INTO "assignments" ("created_at", "project_id", "updated_at", "user_id") VALUES (?, ?, ?, ?)[0m  [["created_at", Tue, 24 Feb 2015 14:14:02 EST -05:00], ["project_id", 4], ["updated_at", Tue, 24 Feb 2015 14:14:02 EST -05:00], ["user_id", 14]]
  [1m[35m (4.4ms)[0m  commit transaction
  [1m[36m (0.1ms)[0m  [1mbegin transaction[0m
  [1m[35mUser Exists (0.2ms)[0m  SELECT 1 AS one FROM "users" WHERE "users"."email" = 'dorcas.will@example.com' LIMIT 1
Binary data inserted for `string` type on column `password_digest`
  [1m[36mSQL (0.9ms)[0m  [1mINSERT INTO "users" ("created_at", "email", "first_name", "last_name", "password_digest", "updated_at") VALUES (?, ?, ?, ?, ?, ?)[0m  [["created_at", Tue, 24 Feb 2015 14:14:02 EST -05:00], ["email", "dorcas.will@example.com"], ["first_name", "Dorcas"], ["last_name", "Will"], ["password_digest", "$2a$10$3twYCmdXdu5Afpxa/fEAf.vGv/Saq8B05uybkMY7iL2ETqV/zbmra"], ["updated_at", Tue, 24 Feb 2015 14:14:02 EST -05:00]]
  [1m[35m (3.0ms)[0m  commit transaction
  [1m[36m (0.1ms)[0m  [1mbegin transaction[0m
  [1m[35mUser Load (0.3ms)[0m  SELECT "users".* FROM "users" WHERE "users"."active" = 't'
  [1m[36mProject Load (0.2ms)[0m  [1mSELECT "projects".* FROM "projects" WHERE (start_date <= '2015-02-24' and (end_date > '2015-02-24' or end_date is null))[0m
  [1m[35mSQL (0.7ms)[0m  INSERT INTO "assignments" ("created_at", "project_id", "updated_at", "user_id") VALUES (?, ?, ?, ?)  [["created_at", Tue, 24 Feb 2015 14:14:02 EST -05:00], ["project_id", 3], ["updated_at", Tue, 24 Feb 2015 14:14:02 EST -05:00], ["user_id", 15]]
  [1m[36m (2.6ms)[0m  [1mcommit transaction[0m
  [1m[35m (0.1ms)[0m  begin transaction
  [1m[36mUser Exists (0.2ms)[0m  [1mSELECT 1 AS one FROM "users" WHERE "users"."email" = 'antone.bernier@example.com' LIMIT 1[0m
Binary data inserted for `string` type on column `password_digest`
  [1m[35mSQL (0.8ms)[0m  INSERT INTO "users" ("created_at", "email", "first_name", "last_name", "password_digest", "updated_at") VALUES (?, ?, ?, ?, ?, ?)  [["created_at", Tue, 24 Feb 2015 14:14:02 EST -05:00], ["email", "antone.bernier@example.com"], ["first_name", "Antone"], ["last_name", "Bernier"], ["password_digest", "$2a$10$ZQGOnydnk/uZwMciW2ZohebDCIqHEvve/r.SA/ydkEvbEprYwpWJW"], ["updated_at", Tue, 24 Feb 2015 14:14:02 EST -05:00]]
  [1m[36m (3.1ms)[0m  [1mcommit transaction[0m
  [1m[35m (0.1ms)[0m  begin transaction
  [1m[36mUser Load (0.3ms)[0m  [1mSELECT "users".* FROM "users" WHERE "users"."active" = 't'[0m
  [1m[35mProject Load (0.2ms)[0m  SELECT "projects".* FROM "projects" WHERE (start_date <= '2015-02-24' and (end_date > '2015-02-24' or end_date is null))
  [1m[36mSQL (0.7ms)[0m  [1mINSERT INTO "assignments" ("created_at", "project_id", "updated_at", "user_id") VALUES (?, ?, ?, ?)[0m  [["created_at", Tue, 24 Feb 2015 14:14:02 EST -05:00], ["project_id", 1], ["updated_at", Tue, 24 Feb 2015 14:14:02 EST -05:00], ["user_id", 16]]
  [1m[35m (2.5ms)[0m  commit transaction
  [1m[36m (0.3ms)[0m  [1mbegin transaction[0m
  [1m[35mUser Exists (0.3ms)[0m  SELECT 1 AS one FROM "users" WHERE "users"."email" = 'ashlynn.kutch@example.com' LIMIT 1
Binary data inserted for `string` type on column `password_digest`
  [1m[36mSQL (0.7ms)[0m  [1mINSERT INTO "users" ("created_at", "email", "first_name", "last_name", "password_digest", "updated_at") VALUES (?, ?, ?, ?, ?, ?)[0m  [["created_at", Tue, 24 Feb 2015 14:14:02 EST -05:00], ["email", "ashlynn.kutch@example.com"], ["first_name", "Ashlynn"], ["last_name", "Kutch"], ["password_digest", "$2a$10$sw4YYUG6m72Aw8ryA36eduWfHmp6/IwAKAn4ShsLDnT.sF0iWLbhW"], ["updated_at", Tue, 24 Feb 2015 14:14:02 EST -05:00]]
  [1m[35m (4.3ms)[0m  commit transaction
  [1m[36m (0.2ms)[0m  [1mbegin transaction[0m
  [1m[35mUser Load (0.3ms)[0m  SELECT "users".* FROM "users" WHERE "users"."active" = 't'
  [1m[36mProject Load (0.3ms)[0m  [1mSELECT "projects".* FROM "projects" WHERE (start_date <= '2015-02-24' and (end_date > '2015-02-24' or end_date is null))[0m
  [1m[35mSQL (1.5ms)[0m  INSERT INTO "assignments" ("created_at", "project_id", "updated_at", "user_id") VALUES (?, ?, ?, ?)  [["created_at", Tue, 24 Feb 2015 14:14:02 EST -05:00], ["project_id", 1], ["updated_at", Tue, 24 Feb 2015 14:14:02 EST -05:00], ["user_id", 17]]
  [1m[36m (3.8ms)[0m  [1mcommit transaction[0m
  [1m[35m (0.1ms)[0m  begin transaction
  [1m[36mSQL (0.9ms)[0m  [1mINSERT INTO "tasks" ("created_at", "due_on", "due_string", "name", "priority", "project_id", "updated_at") VALUES (?, ?, ?, ?, ?, ?, ?)[0m  [["created_at", Tue, 24 Feb 2015 14:14:02 EST -05:00], ["due_on", Sun, 18 Jan 2015 14:14:02 EST -05:00], ["due_string", "2015-01-18 14:14:02 -0500"], ["name", "Requirements analysis"], ["priority", 3], ["project_id", 3], ["updated_at", Tue, 24 Feb 2015 14:14:02 EST -05:00]]
  [1m[35m (3.9ms)[0m  commit transaction
  [1m[36mAssignment Load (0.4ms)[0m  [1mSELECT "assignments".* FROM "assignments" WHERE (project_id = 3)[0m
  [1m[35m (0.1ms)[0m  begin transaction
  [1m[36mSQL (0.8ms)[0m  [1mUPDATE "tasks" SET "created_by" = ?, "completed" = ?, "completed_by" = ?, "updated_at" = ? WHERE "tasks"."id" = 1[0m  [["created_by", 18], ["completed", true], ["completed_by", 7], ["updated_at", Tue, 24 Feb 2015 14:14:02 EST -05:00]]
  [1m[35m (4.7ms)[0m  commit transaction
  [1m[36m (0.1ms)[0m  [1mbegin transaction[0m
  [1m[35mSQL (0.8ms)[0m  INSERT INTO "tasks" ("created_at", "due_on", "due_string", "name", "priority", "project_id", "updated_at") VALUES (?, ?, ?, ?, ?, ?, ?)  [["created_at", Tue, 24 Feb 2015 14:14:03 EST -05:00], ["due_on", Mon, 06 Apr 2015 14:14:03 EDT -04:00], ["due_string", "2015-04-06 14:14:03 -0400"], ["name", "User testing"], ["priority", 2], ["project_id", 2], ["updated_at", Tue, 24 Feb 2015 14:14:03 EST -05:00]]
  [1m[36m (3.4ms)[0m  [1mcommit transaction[0m
  [1m[35mAssignment Load (0.6ms)[0m  SELECT "assignments".* FROM "assignments" WHERE (project_id = 2)
  [1m[36m (0.9ms)[0m  [1mbegin transaction[0m
  [1m[35mSQL (0.7ms)[0m  UPDATE "tasks" SET "created_by" = ?, "updated_at" = ? WHERE "tasks"."id" = 2  [["created_by", 8], ["updated_at", Tue, 24 Feb 2015 14:14:03 EST -05:00]]
  [1m[36m (4.3ms)[0m  [1mcommit transaction[0m
  [1m[35m (0.1ms)[0m  begin transaction
  [1m[36mSQL (0.8ms)[0m  [1mINSERT INTO "tasks" ("created_at", "due_on", "due_string", "name", "priority", "project_id", "updated_at") VALUES (?, ?, ?, ?, ?, ?, ?)[0m  [["created_at", Tue, 24 Feb 2015 14:14:03 EST -05:00], ["due_on", Mon, 23 Mar 2015 14:14:03 EDT -04:00], ["due_string", "2015-03-23 14:14:03 -0400"], ["name", "Security checking"], ["priority", 3], ["project_id", 4], ["updated_at", Tue, 24 Feb 2015 14:14:03 EST -05:00]]
  [1m[35m (3.3ms)[0m  commit transaction
  [1m[36mAssignment Load (0.3ms)[0m  [1mSELECT "assignments".* FROM "assignments" WHERE (project_id = 4)[0m
  [1m[35m (0.1ms)[0m  begin transaction
  [1m[36mSQL (0.6ms)[0m  [1mUPDATE "tasks" SET "created_by" = ?, "updated_at" = ? WHERE "tasks"."id" = 3[0m  [["created_by", 4], ["updated_at", Tue, 24 Feb 2015 14:14:03 EST -05:00]]
  [1m[35m (4.9ms)[0m  commit transaction
  [1m[36m (0.1ms)[0m  [1mbegin transaction[0m
  [1m[35mSQL (2.7ms)[0m  INSERT INTO "tasks" ("created_at", "due_on", "due_string", "name", "priority", "project_id", "updated_at") VALUES (?, ?, ?, ?, ?, ?, ?)  [["created_at", Tue, 24 Feb 2015 14:14:03 EST -05:00], ["due_on", Sat, 14 Mar 2015 14:14:03 EDT -04:00], ["due_string", "2015-03-14 14:14:03 -0400"], ["name", "Add relationships"], ["priority", 3], ["project_id", 4], ["updated_at", Tue, 24 Feb 2015 14:14:03 EST -05:00]]
  [1m[36m (7.4ms)[0m  [1mcommit transaction[0m
  [1m[35mAssignment Load (0.3ms)[0m  SELECT "assignments".* FROM "assignments" WHERE (project_id = 4)
  [1m[36m (0.1ms)[0m  [1mbegin transaction[0m
  [1m[35mSQL (0.6ms)[0m  UPDATE "tasks" SET "created_by" = ?, "updated_at" = ? WHERE "tasks"."id" = 4  [["created_by", 14], ["updated_at", Tue, 24 Feb 2015 14:14:03 EST -05:00]]
  [1m[36m (3.1ms)[0m  [1mcommit transaction[0m
  [1m[35m (0.1ms)[0m  begin transaction
  [1m[36mSQL (0.9ms)[0m  [1mINSERT INTO "tasks" ("created_at", "due_on", "due_string", "name", "priority", "project_id", "updated_at") VALUES (?, ?, ?, ?, ?, ?, ?)[0m  [["created_at", Tue, 24 Feb 2015 14:14:03 EST -05:00], ["due_on", Sat, 17 Jan 2015 14:14:03 EST -05:00], ["due_string", "2015-01-17 14:14:03 -0500"], ["name", "Data modeling"], ["priority", 1], ["project_id", 1], ["updated_at", Tue, 24 Feb 2015 14:14:03 EST -05:00]]
  [1m[35m (4.4ms)[0m  commit transaction
  [1m[36mAssignment Load (0.3ms)[0m  [1mSELECT "assignments".* FROM "assignments" WHERE (project_id = 1)[0m
  [1m[35m (0.1ms)[0m  begin transaction
  [1m[36mSQL (0.8ms)[0m  [1mUPDATE "tasks" SET "created_by" = ?, "completed" = ?, "completed_by" = ?, "updated_at" = ? WHERE "tasks"."id" = 5[0m  [["created_by", 1], ["completed", true], ["completed_by", 1], ["updated_at", Tue, 24 Feb 2015 14:14:03 EST -05:00]]
  [1m[35m (3.8ms)[0m  commit transaction
  [1m[36m (0.1ms)[0m  [1mbegin transaction[0m
  [1m[35mSQL (0.8ms)[0m  INSERT INTO "tasks" ("created_at", "due_on", "due_string", "name", "priority", "project_id", "updated_at") VALUES (?, ?, ?, ?, ?, ?, ?)  [["created_at", Tue, 24 Feb 2015 14:14:03 EST -05:00], ["due_on", Sun, 01 Mar 2015 14:14:03 EST -05:00], ["due_string", "2015-03-01 14:14:03 -0500"], ["name", "Validate models"], ["priority", 1], ["project_id", 2], ["updated_at", Tue, 24 Feb 2015 14:14:03 EST -05:00]]
  [1m[36m (3.8ms)[0m  [1mcommit transaction[0m
  [1m[35mAssignment Load (0.2ms)[0m  SELECT "assignments".* FROM "assignments" WHERE (project_id = 2)
  [1m[36m (0.2ms)[0m  [1mbegin transaction[0m
  [1m[35mSQL (0.8ms)[0m  UPDATE "tasks" SET "created_by" = ?, "updated_at" = ? WHERE "tasks"."id" = 6  [["created_by", 16], ["updated_at", Tue, 24 Feb 2015 14:14:03 EST -05:00]]
  [1m[36m (4.3ms)[0m  [1mcommit transaction[0m
  [1m[35m (0.1ms)[0m  begin transaction
  [1m[36mSQL (0.8ms)[0m  [1mINSERT INTO "tasks" ("created_at", "due_on", "due_string", "name", "priority", "project_id", "updated_at") VALUES (?, ?, ?, ?, ?, ?, ?)[0m  [["created_at", Tue, 24 Feb 2015 14:14:03 EST -05:00], ["due_on", Sun, 08 Feb 2015 14:14:03 EST -05:00], ["due_string", "2015-02-08 14:14:03 -0500"], ["name", "Integration testing"], ["priority", 2], ["project_id", 3], ["updated_at", Tue, 24 Feb 2015 14:14:03 EST -05:00]]
  [1m[35m (4.0ms)[0m  commit transaction
  [1m[36mAssignment Load (0.2ms)[0m  [1mSELECT "assignments".* FROM "assignments" WHERE (project_id = 3)[0m
  [1m[35m (0.1ms)[0m  begin transaction
  [1m[36mSQL (0.6ms)[0m  [1mUPDATE "tasks" SET "created_by" = ?, "completed" = ?, "completed_by" = ?, "updated_at" = ? WHERE "tasks"."id" = 7[0m  [["created_by", 7], ["completed", true], ["completed_by", 18], ["updated_at", Tue, 24 Feb 2015 14:14:03 EST -05:00]]
  [1m[35m (3.8ms)[0m  commit transaction
  [1m[36m (0.2ms)[0m  [1mbegin transaction[0m
  [1m[35mSQL (0.9ms)[0m  INSERT INTO "tasks" ("created_at", "due_on", "due_string", "name", "priority", "project_id", "updated_at") VALUES (?, ?, ?, ?, ?, ?, ?)  [["created_at", Tue, 24 Feb 2015 14:14:03 EST -05:00], ["due_on", Thu, 12 Feb 2015 14:14:03 EST -05:00], ["due_string", "2015-02-12 14:14:03 -0500"], ["name", "Add authorization"], ["priority", 1], ["project_id", 4], ["updated_at", Tue, 24 Feb 2015 14:14:03 EST -05:00]]
  [1m[36m (6.1ms)[0m  [1mcommit transaction[0m
  [1m[35mAssignment Load (0.3ms)[0m  SELECT "assignments".* FROM "assignments" WHERE (project_id = 4)
  [1m[36m (0.1ms)[0m  [1mbegin transaction[0m
  [1m[35mSQL (0.6ms)[0m  UPDATE "tasks" SET "created_by" = ?, "completed" = ?, "completed_by" = ?, "updated_at" = ? WHERE "tasks"."id" = 8  [["created_by", 14], ["completed", true], ["completed_by", 4], ["updated_at", Tue, 24 Feb 2015 14:14:03 EST -05:00]]
  [1m[36m (3.3ms)[0m  [1mcommit transaction[0m
  [1m[35m (0.1ms)[0m  begin transaction
  [1m[36mSQL (0.7ms)[0m  [1mINSERT INTO "tasks" ("created_at", "due_on", "due_string", "name", "priority", "project_id", "updated_at") VALUES (?, ?, ?, ?, ?, ?, ?)[0m  [["created_at", Tue, 24 Feb 2015 14:14:03 EST -05:00], ["due_on", Mon, 09 Feb 2015 14:14:03 EST -05:00], ["due_string", "2015-02-09 14:14:03 -0500"], ["name", "User testing"], ["priority", 3], ["project_id", 3], ["updated_at", Tue, 24 Feb 2015 14:14:03 EST -05:00]]
  [1m[35m (4.5ms)[0m  commit transaction
  [1m[36mAssignment Load (0.2ms)[0m  [1mSELECT "assignments".* FROM "assignments" WHERE (project_id = 3)[0m
  [1m[35m (0.1ms)[0m  begin transaction
  [1m[36mSQL (0.6ms)[0m  [1mUPDATE "tasks" SET "created_by" = ?, "completed" = ?, "completed_by" = ?, "updated_at" = ? WHERE "tasks"."id" = 9[0m  [["created_by", 10], ["completed", true], ["completed_by", 3], ["updated_at", Tue, 24 Feb 2015 14:14:03 EST -05:00]]
  [1m[35m (4.4ms)[0m  commit transaction
  [1m[36m (0.1ms)[0m  [1mbegin transaction[0m
  [1m[35mSQL (0.9ms)[0m  INSERT INTO "tasks" ("created_at", "due_on", "due_string", "name", "priority", "project_id", "updated_at") VALUES (?, ?, ?, ?, ?, ?, ?)  [["created_at", Tue, 24 Feb 2015 14:14:03 EST -05:00], ["due_on", Sun, 22 Mar 2015 14:14:03 EDT -04:00], ["due_string", "2015-03-22 14:14:03 -0400"], ["name", "Data modeling"], ["priority", 3], ["project_id", 3], ["updated_at", Tue, 24 Feb 2015 14:14:03 EST -05:00]]
  [1m[36m (4.2ms)[0m  [1mcommit transaction[0m
  [1m[35mAssignment Load (0.2ms)[0m  SELECT "assignments".* FROM "assignments" WHERE (project_id = 3)
  [1m[36m (0.1ms)[0m  [1mbegin transaction[0m
  [1m[35mSQL (0.6ms)[0m  UPDATE "tasks" SET "created_by" = ?, "updated_at" = ? WHERE "tasks"."id" = 10  [["created_by", 3], ["updated_at", Tue, 24 Feb 2015 14:14:03 EST -05:00]]
  [1m[36m (3.4ms)[0m  [1mcommit transaction[0m
  [1m[35m (0.1ms)[0m  begin transaction
  [1m[36mSQL (0.8ms)[0m  [1mINSERT INTO "tasks" ("created_at", "due_on", "due_string", "name", "priority", "project_id", "updated_at") VALUES (?, ?, ?, ?, ?, ?, ?)[0m  [["created_at", Tue, 24 Feb 2015 14:14:03 EST -05:00], ["due_on", Fri, 27 Feb 2015 14:14:03 EST -05:00], ["due_string", "2015-02-27 14:14:03 -0500"], ["name", "User testing"], ["priority", 2], ["project_id", 1], ["updated_at", Tue, 24 Feb 2015 14:14:03 EST -05:00]]
  [1m[35m (5.2ms)[0m  commit transaction
  [1m[36mAssignment Load (0.3ms)[0m  [1mSELECT "assignments".* FROM "assignments" WHERE (project_id = 1)[0m
  [1m[35m (0.1ms)[0m  begin transaction
  [1m[36mSQL (0.6ms)[0m  [1mUPDATE "tasks" SET "created_by" = ?, "updated_at" = ? WHERE "tasks"."id" = 11[0m  [["created_by", 11], ["updated_at", Tue, 24 Feb 2015 14:14:03 EST -05:00]]
  [1m[35m (4.6ms)[0m  commit transaction
  [1m[36m (0.1ms)[0m  [1mbegin transaction[0m
  [1m[35mSQL (0.7ms)[0m  INSERT INTO "tasks" ("created_at", "due_on", "due_string", "name", "priority", "project_id", "updated_at") VALUES (?, ?, ?, ?, ?, ?, ?)  [["created_at", Tue, 24 Feb 2015 14:14:03 EST -05:00], ["due_on", Fri, 13 Feb 2015 14:14:03 EST -05:00], ["due_string", "2015-02-13 14:14:03 -0500"], ["name", "Modify controllers"], ["priority", 3], ["project_id", 3], ["updated_at", Tue, 24 Feb 2015 14:14:03 EST -05:00]]
  [1m[36m (3.7ms)[0m  [1mcommit transaction[0m
  [1m[35mAssignment Load (0.2ms)[0m  SELECT "assignments".* FROM "assignments" WHERE (project_id = 3)
  [1m[36m (0.1ms)[0m  [1mbegin transaction[0m
  [1m[35mSQL (0.6ms)[0m  UPDATE "tasks" SET "created_by" = ?, "completed" = ?, "completed_by" = ?, "updated_at" = ? WHERE "tasks"."id" = 12  [["created_by", 7], ["completed", true], ["completed_by", 10], ["updated_at", Tue, 24 Feb 2015 14:14:03 EST -05:00]]
  [1m[36m (3.8ms)[0m  [1mcommit transaction[0m
  [1m[35m (0.1ms)[0m  begin transaction
  [1m[36mSQL (0.7ms)[0m  [1mINSERT INTO "tasks" ("created_at", "due_on", "due_string", "name", "priority", "project_id", "updated_at") VALUES (?, ?, ?, ?, ?, ?, ?)[0m  [["created_at", Tue, 24 Feb 2015 14:14:03 EST -05:00], ["due_on", Mon, 30 Mar 2015 14:14:03 EDT -04:00], ["due_string", "2015-03-30 14:14:03 -0400"], ["name", "User testing"], ["priority", 2], ["project_id", 1], ["updated_at", Tue, 24 Feb 2015 14:14:03 EST -05:00]]
  [1m[35m (3.1ms)[0m  commit transaction
  [1m[36mAssignment Load (0.2ms)[0m  [1mSELECT "assignments".* FROM "assignments" WHERE (project_id = 1)[0m
  [1m[35m (0.1ms)[0m  begin transaction
  [1m[36mSQL (0.5ms)[0m  [1mUPDATE "tasks" SET "created_by" = ?, "updated_at" = ? WHERE "tasks"."id" = 13[0m  [["created_by", 11], ["updated_at", Tue, 24 Feb 2015 14:14:03 EST -05:00]]
  [1m[35m (3.8ms)[0m  commit transaction
  [1m[36m (0.1ms)[0m  [1mbegin transaction[0m
  [1m[35mSQL (0.7ms)[0m  INSERT INTO "tasks" ("created_at", "due_on", "due_string", "name", "priority", "project_id", "updated_at") VALUES (?, ?, ?, ?, ?, ?, ?)  [["created_at", Tue, 24 Feb 2015 14:14:03 EST -05:00], ["due_on", Wed, 25 Feb 2015 14:14:03 EST -05:00], ["due_string", "2015-02-25 14:14:03 -0500"], ["name", "Integration testing"], ["priority", 3], ["project_id", 1], ["updated_at", Tue, 24 Feb 2015 14:14:03 EST -05:00]]
  [1m[36m (4.1ms)[0m  [1mcommit transaction[0m
  [1m[35mAssignment Load (0.2ms)[0m  SELECT "assignments".* FROM "assignments" WHERE (project_id = 1)
  [1m[36m (0.1ms)[0m  [1mbegin transaction[0m
  [1m[35mSQL (0.9ms)[0m  UPDATE "tasks" SET "created_by" = ?, "updated_at" = ? WHERE "tasks"."id" = 14  [["created_by", 1], ["updated_at", Tue, 24 Feb 2015 14:14:03 EST -05:00]]
  [1m[36m (3.0ms)[0m  [1mcommit transaction[0m
  [1m[35m (0.1ms)[0m  begin transaction
  [1m[36mSQL (0.8ms)[0m  [1mINSERT INTO "tasks" ("created_at", "due_on", "due_string", "name", "priority", "project_id", "updated_at") VALUES (?, ?, ?, ?, ?, ?, ?)[0m  [["created_at", Tue, 24 Feb 2015 14:14:03 EST -05:00], ["due_on", Mon, 16 Feb 2015 14:14:03 EST -05:00], ["due_string", "2015-02-16 14:14:03 -0500"], ["name", "User testing"], ["priority", 2], ["project_id", 2], ["updated_at", Tue, 24 Feb 2015 14:14:03 EST -05:00]]
  [1m[35m (3.9ms)[0m  commit transaction
  [1m[36mAssignment Load (0.2ms)[0m  [1mSELECT "assignments".* FROM "assignments" WHERE (project_id = 2)[0m
  [1m[35m (0.1ms)[0m  begin transaction
  [1m[36mSQL (0.6ms)[0m  [1mUPDATE "tasks" SET "created_by" = ?, "completed" = ?, "completed_by" = ?, "updated_at" = ? WHERE "tasks"."id" = 15[0m  [["created_by", 13], ["completed", true], ["completed_by", 13], ["updated_at", Tue, 24 Feb 2015 14:14:03 EST -05:00]]
  [1m[35m (3.2ms)[0m  commit transaction
  [1m[36m (0.1ms)[0m  [1mbegin transaction[0m
  [1m[35mSQL (0.7ms)[0m  INSERT INTO "tasks" ("created_at", "due_on", "due_string", "name", "priority", "project_id", "updated_at") VALUES (?, ?, ?, ?, ?, ?, ?)  [["created_at", Tue, 24 Feb 2015 14:14:03 EST -05:00], ["due_on", Mon, 23 Feb 2015 14:14:03 EST -05:00], ["due_string", "2015-02-23 14:14:03 -0500"], ["name", "User testing"], ["priority", 3], ["project_id", 1], ["updated_at", Tue, 24 Feb 2015 14:14:03 EST -05:00]]
  [1m[36m (3.8ms)[0m  [1mcommit transaction[0m
  [1m[35mAssignment Load (0.2ms)[0m  SELECT "assignments".* FROM "assignments" WHERE (project_id = 1)
  [1m[36m (0.1ms)[0m  [1mbegin transaction[0m
  [1m[35mSQL (0.6ms)[0m  UPDATE "tasks" SET "created_by" = ?, "completed" = ?, "completed_by" = ?, "updated_at" = ? WHERE "tasks"."id" = 16  [["created_by", 1], ["completed", true], ["completed_by", 6], ["updated_at", Tue, 24 Feb 2015 14:14:03 EST -05:00]]
  [1m[36m (3.3ms)[0m  [1mcommit transaction[0m
  [1m[36mUser Load (0.2ms)[0m  [1mSELECT "users".* FROM "users" ORDER BY "users"."id" ASC LIMIT 1[0m
  [1m[35mUser Load (1.1ms)[0m  SELECT "users".* FROM "users"
  [1m[36mUser Load (1.1ms)[0m  [1mSELECT "users".* FROM "users" ORDER BY "users"."id" ASC LIMIT 1[0m
  [1m[35mProject Load (2.4ms)[0m  SELECT "projects".* FROM "projects" INNER JOIN "assignments" ON "projects"."id" = "assignments"."project_id" WHERE "assignments"."user_id" = ?  [["user_id", 1]]
  [1m[36mProject Load (0.3ms)[0m  [1mSELECT "projects".* FROM "projects" ORDER BY "projects"."id" DESC LIMIT 1[0m
  [1m[35mDomain Load (0.4ms)[0m  SELECT "domains".* FROM "domains" WHERE "domains"."id" = ? ORDER BY "domains"."id" ASC LIMIT 1  [["id", 3]]
  [1m[36mTask Load (0.3ms)[0m  [1mSELECT "tasks".* FROM "tasks" WHERE "tasks"."completed" = 't'[0m
  [1m[35mTask Load (2.2ms)[0m  SELECT "tasks".* FROM "tasks" WHERE "tasks"."completed" = 't'
  [1m[36mAssignment Load (0.4ms)[0m  [1mSELECT "assignments".* FROM "assignments" WHERE (assignments.active = 't')[0m
  [1m[35mProject Load (1.3ms)[0m  SELECT "projects".* FROM "projects" WHERE (end_date <= '2015-02-24')
  [1m[36mProject Load (1.0ms)[0m  [1mSELECT "projects".* FROM "projects" WHERE (end_date <= '2015-02-24') ORDER BY "projects"."id" ASC LIMIT 1[0m
  [1m[35mProject Load (1.7ms)[0m  SELECT "projects".* FROM "projects" WHERE (end_date <= '2015-02-24') ORDER BY "projects"."id" ASC LIMIT 1
  [1m[36mProject Load (42.3ms)[0m  [1mSELECT "projects".* FROM "projects" WHERE (end_date <= '2015-02-25')[0m
  [1m[36mProject Load (0.3ms)[0m  [1mSELECT "projects".* FROM "projects" ORDER BY "projects"."id" ASC LIMIT 1[0m
  [1m[35mProject Load (1.5ms)[0m  SELECT "projects".* FROM "projects" ORDER BY "projects"."id" ASC LIMIT 1
  [1m[36mTask Load (2.1ms)[0m  [1mSELECT "tasks".* FROM "tasks" WHERE "tasks"."project_id" = ?[0m  [["project_id", 1]]
  [1m[36mProject Load (0.3ms)[0m  [1mSELECT "projects".* FROM "projects" ORDER BY "projects"."id" DESC LIMIT 1[0m
  [1m[35mProject Load (0.9ms)[0m  SELECT "projects".* FROM "projects" ORDER BY "projects"."id" DESC LIMIT 1
  [1m[36mUser Load (0.7ms)[0m  [1mSELECT "users".* FROM "users" ORDER BY "users"."id" ASC LIMIT 1[0m
  [1m[35mProject Load (36.2ms)[0m  SELECT "projects".* FROM "projects" INNER JOIN "assignments" ON "projects"."id" = "assignments"."project_id" WHERE "assignments"."user_id" = ?  [["user_id", 1]]
  [1m[36mUser Load (0.3ms)[0m  [1mSELECT "users".* FROM "users" ORDER BY "users"."id" ASC LIMIT 1[0m
  [1m[35mProject Load (3.4ms)[0m  SELECT "projects".* FROM "projects" INNER JOIN "assignments" ON "projects"."id" = "assignments"."project_id" WHERE "assignments"."user_id" = ?  [["user_id", 1]]
  [1m[36mProject Load (0.2ms)[0m  [1mSELECT "projects".* FROM "projects" ORDER BY "projects"."id" DESC LIMIT 1[0m
  [1m[35mProject Load (0.5ms)[0m  SELECT "projects".* FROM "projects" ORDER BY "projects"."id" DESC LIMIT 1
  [1m[36mDomain Load (74.0ms)[0m  [1mSELECT "domains".* FROM "domains" WHERE "domains"."id" = ? ORDER BY "domains"."id" ASC LIMIT 1[0m  [["id", 3]]
  [1m[35mProject Load (0.5ms)[0m  SELECT "projects".* FROM "projects" ORDER BY "projects"."id" DESC LIMIT 1
  [1m[36mDomain Load (0.3ms)[0m  [1mSELECT "domains".* FROM "domains" WHERE "domains"."id" = ? ORDER BY "domains"."id" ASC LIMIT 1[0m  [["id", 3]]
  [1m[35mProject Load (1.0ms)[0m  SELECT "projects".* FROM "projects" ORDER BY "projects"."id" DESC LIMIT 1
  [1m[36mTask Load (0.3ms)[0m  [1mSELECT "tasks".* FROM "tasks" WHERE "tasks"."completed" = 't'[0m
  [1m[35mTask Load (1.0ms)[0m  SELECT "tasks".* FROM "tasks" WHERE "tasks"."completed" = 't'
  [1m[36mProject Load (1.3ms)[0m  [1mSELECT "projects".* FROM "projects" WHERE (end_date <= '2015-02-25')[0m


Started GET "/" for 127.0.0.1 at 2015-02-25 15:38:09 -0500
  [1m[36mActiveRecord::SchemaMigration Load (0.8ms)[0m  [1mSELECT "schema_migrations".* FROM "schema_migrations"[0m
Processing by HomeController#home as HTML
  Rendered home/_general_home.html.erb (0.8ms)
  Rendered home/home.html.erb within layouts/application (108.5ms)
  Rendered partials/_nav.html.erb (2.9ms)
  Rendered partials/_flash.html.erb (1.7ms)
  Rendered partials/_footer.html.erb (1.1ms)
Completed 200 OK in 13127ms (Views: 13099.6ms | ActiveRecord: 0.0ms)


Started GET "/projects" for 127.0.0.1 at 2015-02-25 15:38:40 -0500
Processing by ProjectsController#index as HTML
Redirected to http://localhost:3000/login
Filter chain halted as :check_login rendered or redirected
Completed 302 Found in 3ms (ActiveRecord: 0.0ms)


Started GET "/login" for 127.0.0.1 at 2015-02-25 15:38:40 -0500
Processing by SessionsController#new as HTML
  Rendered sessions/new.html.erb within layouts/application (2.1ms)
  Rendered partials/_nav.html.erb (0.9ms)
  Rendered partials/_flash.html.erb (0.4ms)
  Rendered partials/_footer.html.erb (0.6ms)
Completed 200 OK in 155ms (Views: 154.3ms | ActiveRecord: 0.0ms)


Started POST "/sessions" for 127.0.0.1 at 2015-02-25 15:38:46 -0500
Processing by SessionsController#create as HTML
  Parameters: {"utf8"=>"✓", "authenticity_token"=>"G4PC0vDJn22IgPMqW6OzXYZ23sczNaK2bVSHAlDTEAA=", "email"=>"maggieyu@cmu.edu", "password"=>"[FILTERED]", "commit"=>"Log In"}
  [1m[35mUser Load (19.1ms)[0m  SELECT "users".* FROM "users" WHERE "users"."email" = 'maggieyu@cmu.edu' LIMIT 1
  Rendered sessions/new.html.erb within layouts/application (8.0ms)
  Rendered partials/_nav.html.erb (3.2ms)
  Rendered partials/_flash.html.erb (0.5ms)
  Rendered partials/_footer.html.erb (5.5ms)
Completed 200 OK in 472ms (Views: 139.2ms | ActiveRecord: 19.8ms)


Started GET "/tasks" for 127.0.0.1 at 2015-02-25 15:38:50 -0500
Processing by TasksController#index as HTML
Redirected to http://localhost:3000/login
Filter chain halted as :check_login rendered or redirected
Completed 302 Found in 2ms (ActiveRecord: 0.0ms)


Started GET "/login" for 127.0.0.1 at 2015-02-25 15:38:50 -0500
Processing by SessionsController#new as HTML
  Rendered sessions/new.html.erb within layouts/application (1.0ms)
  Rendered partials/_nav.html.erb (0.7ms)
  Rendered partials/_flash.html.erb (0.2ms)
  Rendered partials/_footer.html.erb (0.4ms)
Completed 200 OK in 104ms (Views: 103.8ms | ActiveRecord: 0.0ms)


Started GET "/home" for 127.0.0.1 at 2015-02-25 15:38:53 -0500
Processing by HomeController#home as HTML
  Rendered home/_general_home.html.erb (0.4ms)
  Rendered home/home.html.erb within layouts/application (2.2ms)
  Rendered partials/_nav.html.erb (1.0ms)
  Rendered partials/_flash.html.erb (0.2ms)
  Rendered partials/_footer.html.erb (0.6ms)
Completed 200 OK in 118ms (Views: 117.0ms | ActiveRecord: 0.0ms)


Started GET "/login" for 127.0.0.1 at 2015-02-25 15:39:02 -0500
Processing by SessionsController#new as HTML
  Rendered sessions/new.html.erb within layouts/application (1.0ms)
  Rendered partials/_nav.html.erb (0.6ms)
  Rendered partials/_flash.html.erb (0.1ms)
  Rendered partials/_footer.html.erb (1.1ms)
Completed 200 OK in 58ms (Views: 57.8ms | ActiveRecord: 0.0ms)


Started GET "/home" for 127.0.0.1 at 2015-04-22 05:04:36 -0400
  [1m[36mActiveRecord::SchemaMigration Load (0.1ms)[0m  [1mSELECT "schema_migrations".* FROM "schema_migrations"[0m
Processing by HomeController#home as HTML
  Rendered home/_general_home.html.erb (0.9ms)
  Rendered home/home.html.erb within layouts/application (19.4ms)
  Rendered partials/_nav.html.erb (1.6ms)
  Rendered partials/_flash.html.erb (0.5ms)
  Rendered partials/_footer.html.erb (0.8ms)
Completed 200 OK in 1833ms (Views: 1807.0ms | ActiveRecord: 0.0ms)


Started GET "/login" for 127.0.0.1 at 2015-04-22 05:04:46 -0400
Processing by SessionsController#new as HTML
  Rendered sessions/new.html.erb within layouts/application (1.6ms)
  Rendered partials/_nav.html.erb (0.5ms)
  Rendered partials/_flash.html.erb (0.1ms)
  Rendered partials/_footer.html.erb (3.7ms)
Completed 200 OK in 143ms (Views: 142.9ms | ActiveRecord: 0.0ms)


Started GET "/about" for 127.0.0.1 at 2015-04-22 05:04:55 -0400
Processing by HomeController#about as HTML
  Rendered home/about.html.erb within layouts/application (0.7ms)
  Rendered partials/_nav.html.erb (10.5ms)
  Rendered partials/_flash.html.erb (0.1ms)
  Rendered partials/_footer.html.erb (1.0ms)
Completed 200 OK in 281ms (Views: 280.9ms | ActiveRecord: 0.0ms)


Started GET "/privacy" for 127.0.0.1 at 2015-04-22 05:04:57 -0400
Processing by HomeController#privacy as HTML
  Rendered home/privacy.html.erb within layouts/application (0.3ms)
  Rendered partials/_nav.html.erb (0.3ms)
  Rendered partials/_flash.html.erb (1.0ms)
  Rendered partials/_footer.html.erb (0.6ms)
Completed 200 OK in 147ms (Views: 146.4ms | ActiveRecord: 0.0ms)


Started GET "/contact" for 127.0.0.1 at 2015-04-22 05:05:01 -0400
Processing by HomeController#contact as HTML
  Rendered home/contact.html.erb within layouts/application (0.7ms)
  Rendered partials/_nav.html.erb (1.0ms)
  Rendered partials/_flash.html.erb (0.2ms)
  Rendered partials/_footer.html.erb (0.6ms)
Completed 200 OK in 169ms (Views: 168.4ms | ActiveRecord: 0.0ms)


Started GET "/home" for 127.0.0.1 at 2015-04-22 05:05:04 -0400
Processing by HomeController#home as HTML
  Rendered home/_general_home.html.erb (0.2ms)
  Rendered home/home.html.erb within layouts/application (2.4ms)
  Rendered partials/_nav.html.erb (0.4ms)
  Rendered partials/_flash.html.erb (0.1ms)
  Rendered partials/_footer.html.erb (1.1ms)
Completed 200 OK in 226ms (Views: 225.1ms | ActiveRecord: 0.0ms)
